Scanning file: tests/invalid_symbols.py
================= SEQUENCE OF TOKENS =================
 LINE   ID   TOKEN        LEXEME                  SYMTAB
 -----  ---  -----------  ----------------------  ------
 4      1    KEYWORD      import                  -
 4      2    NAMESPACE    triton                  -
 5      1    KEYWORD      import                  -
 5      2    NAMESPACE    triton                  -
 5      35   DOT          .                       -
 5      4    IDENTIFIER   language                #0
 5      1    KEYWORD      as                      -
 5      2    NAMESPACE    tl                      -
 8      8    AT           @                       -
 8      2    NAMESPACE    triton                  -
 8      35   DOT          .                       -
 8      4    IDENTIFIER   jit                     #1
 9      1    KEYWORD      def                     -
 9      4    IDENTIFIER   bad_kernel              #2
 9      27   LPAREN       (                       -
 9      4    IDENTIFIER   x_ptr                   #3
 9      33   COMMA        ,                       -
 9      4    IDENTIFIER   n                       #4
 9      28   RPAREN       )                       -
 9      34   COLON        :                       -
 10     4    IDENTIFIER   a                       #5
 10     9    ASSIGN       =                       -
 10     4    IDENTIFIER   x_ptr                   #3
Lexical error (line 10): unknown symbol '$'
 10     5    INT_LIT      5                       -
 11     4    IDENTIFIER   b                       #6
 11     9    ASSIGN       =                       -
 11     4    IDENTIFIER   a                       #5
Lexical error (line 11): unknown symbol '?'
 11     5    INT_LIT      3                       -
 12     4    IDENTIFIER   c                       #7
 12     9    ASSIGN       =                       -
 12     4    IDENTIFIER   a                       #5
Lexical error (line 12): unknown symbol '&'
 12     4    IDENTIFIER   b                       #6
 13     1    KEYWORD      return                  -
 13     4    IDENTIFIER   c                       #7

=================== SYMBOL TABLE ===================
 IDX   NAME                      TOKEN        1ST-LINE   COUNT
 ----  ------------------------  -----------  ---------  -----
 0     language                  IDENTIFIER   5          1
 1     jit                       IDENTIFIER   8          1
 2     bad_kernel                IDENTIFIER   9          1
 3     x_ptr                     IDENTIFIER   9          2
 4     n                         IDENTIFIER   9          1
 5     a                         IDENTIFIER   10         3
 6     b                         IDENTIFIER   11         2
 7     c                         IDENTIFIER   12         2
====================================================
Distinct identifiers: 8

TOTAL tokens: 34   |   Lexical errors: 3
