Scanning file: tests/softmax_kernel.py
================= SEQUENCE OF TOKENS =================
 LINE   ID   TOKEN        LEXEME                  SYMTAB
 -----  ---  -----------  ----------------------  ------
 1      1    KEYWORD      import                  -
 1      2    NAMESPACE    triton                  -
 2      1    KEYWORD      import                  -
 2      2    NAMESPACE    triton                  -
 2      35   DOT          .                       -
 2      4    IDENTIFIER   language                #0
 2      1    KEYWORD      as                      -
 2      2    NAMESPACE    tl                      -
 5      8    AT           @                       -
 5      2    NAMESPACE    triton                  -
 5      35   DOT          .                       -
 5      4    IDENTIFIER   jit                     #1
 6      1    KEYWORD      def                     -
 6      4    IDENTIFIER   softmax_kernel          #2
 6      27   LPAREN       (                       -
 6      4    IDENTIFIER   out_ptr                 #3
 6      33   COMMA        ,                       -
 6      4    IDENTIFIER   in_ptr                  #4
 6      33   COMMA        ,                       -
 6      4    IDENTIFIER   row_stride              #5
 6      33   COMMA        ,                       -
 6      4    IDENTIFIER   n_cols                  #6
 6      33   COMMA        ,                       -
 6      4    IDENTIFIER   BLOCK_SIZE              #7
 6      34   COLON        :                       -
 6      2    NAMESPACE    tl                      -
 6      35   DOT          .                       -
 6      3    TYPE         constexpr               -
 6      28   RPAREN       )                       -
 6      34   COLON        :                       -
 8      4    IDENTIFIER   row                     #8
 8      9    ASSIGN       =                       -
 8      2    NAMESPACE    tl                      -
 8      35   DOT          .                       -
 8      4    IDENTIFIER   program_id              #9
 8      27   LPAREN       (                       -
 8      5    INT_LIT      0                       -
 8      28   RPAREN       )                       -
 9      4    IDENTIFIER   row_start               #10
 9      9    ASSIGN       =                       -
 9      4    IDENTIFIER   in_ptr                  #4
 9      10   PLUS         +                       -
 9      4    IDENTIFIER   row                     #8
 9      12   STAR         *                       -
 9      4    IDENTIFIER   row_stride              #5
 10     4    IDENTIFIER   cols                    #11
 10     9    ASSIGN       =                       -
 10     2    NAMESPACE    tl                      -
 10     35   DOT          .                       -
 10     4    IDENTIFIER   arange                  #12
 10     27   LPAREN       (                       -
 10     5    INT_LIT      0                       -
 10     33   COMMA        ,                       -
 10     4    IDENTIFIER   BLOCK_SIZE              #7
 10     28   RPAREN       )                       -
 11     4    IDENTIFIER   mask                    #13
 11     9    ASSIGN       =                       -
 11     4    IDENTIFIER   cols                    #11
 11     19   LT           <                       -
 11     4    IDENTIFIER   n_cols                  #6
 12     4    IDENTIFIER   x                       #14
 12     9    ASSIGN       =                       -
 12     2    NAMESPACE    tl                      -
 12     35   DOT          .                       -
 12     4    IDENTIFIER   load                    #15
 12     27   LPAREN       (                       -
 12     4    IDENTIFIER   row_start               #10
 12     10   PLUS         +                       -
 12     4    IDENTIFIER   cols                    #11
 12     33   COMMA        ,                       -
 12     4    IDENTIFIER   mask                    #13
 12     9    ASSIGN       =                       -
 12     4    IDENTIFIER   mask                    #13
 12     33   COMMA        ,                       -
 12     4    IDENTIFIER   other                   #16
 12     9    ASSIGN       =                       -
 12     11   MINUS        -                       -
 12     6    FLOAT_LIT    1e30                    -
 12     28   RPAREN       )                       -
 13     4    IDENTIFIER   x_max                   #17
 13     9    ASSIGN       =                       -
 13     2    NAMESPACE    tl                      -
 13     35   DOT          .                       -
 13     4    IDENTIFIER   max                     #18
 13     27   LPAREN       (                       -
 13     4    IDENTIFIER   x                       #14
 13     33   COMMA        ,                       -
 13     4    IDENTIFIER   axis                    #19
 13     9    ASSIGN       =                       -
 13     5    INT_LIT      0                       -
 13     28   RPAREN       )                       -
 14     4    IDENTIFIER   z                       #20
 14     9    ASSIGN       =                       -
 14     4    IDENTIFIER   x                       #14
 14     11   MINUS        -                       -
 14     4    IDENTIFIER   x_max                   #17
 15     4    IDENTIFIER   num                     #21
 15     9    ASSIGN       =                       -
 15     2    NAMESPACE    tl                      -
 15     35   DOT          .                       -
 15     4    IDENTIFIER   exp                     #22
 15     27   LPAREN       (                       -
 15     4    IDENTIFIER   z                       #20
 15     28   RPAREN       )                       -
 16     4    IDENTIFIER   denom                   #23
 16     9    ASSIGN       =                       -
 16     2    NAMESPACE    tl                      -
 16     35   DOT          .                       -
 16     4    IDENTIFIER   sum                     #24
 16     27   LPAREN       (                       -
 16     4    IDENTIFIER   num                     #21
 16     33   COMMA        ,                       -
 16     4    IDENTIFIER   axis                    #19
 16     9    ASSIGN       =                       -
 16     5    INT_LIT      0                       -
 16     28   RPAREN       )                       -
 17     4    IDENTIFIER   y                       #25
 17     9    ASSIGN       =                       -
 17     4    IDENTIFIER   num                     #21
 17     13   SLASH        /                       -
 17     4    IDENTIFIER   denom                   #23
 18     4    IDENTIFIER   out_start               #26
 18     9    ASSIGN       =                       -
 18     4    IDENTIFIER   out_ptr                 #3
 18     10   PLUS         +                       -
 18     4    IDENTIFIER   row                     #8
 18     12   STAR         *                       -
 18     4    IDENTIFIER   row_stride              #5
 19     2    NAMESPACE    tl                      -
 19     35   DOT          .                       -
 19     4    IDENTIFIER   store                   #27
 19     27   LPAREN       (                       -
 19     4    IDENTIFIER   out_start               #26
 19     10   PLUS         +                       -
 19     4    IDENTIFIER   cols                    #11
 19     33   COMMA        ,                       -
 19     4    IDENTIFIER   y                       #25
 19     33   COMMA        ,                       -
 19     4    IDENTIFIER   mask                    #13
 19     9    ASSIGN       =                       -
 19     4    IDENTIFIER   mask                    #13
 19     28   RPAREN       )                       -

=================== SYMBOL TABLE ===================
 IDX   NAME                      TOKEN        1ST-LINE   COUNT
 ----  ------------------------  -----------  ---------  -----
 0     language                  IDENTIFIER   2          1
 1     jit                       IDENTIFIER   5          1
 2     softmax_kernel            IDENTIFIER   6          1
 3     out_ptr                   IDENTIFIER   6          2
 4     in_ptr                    IDENTIFIER   6          2
 5     row_stride                IDENTIFIER   6          3
 6     n_cols                    IDENTIFIER   6          2
 7     BLOCK_SIZE                IDENTIFIER   6          2
 8     row                       IDENTIFIER   8          3
 9     program_id                IDENTIFIER   8          1
 10    row_start                 IDENTIFIER   9          2
 11    cols                      IDENTIFIER   10         4
 12    arange                    IDENTIFIER   10         1
 13    mask                      IDENTIFIER   11         5
 14    x                         IDENTIFIER   12         3
 15    load                      IDENTIFIER   12         1
 16    other                     IDENTIFIER   12         1
 17    x_max                     IDENTIFIER   13         2
 18    max                       IDENTIFIER   13         1
 19    axis                      IDENTIFIER   13         2
 20    z                         IDENTIFIER   14         2
 21    num                       IDENTIFIER   15         3
 22    exp                       IDENTIFIER   15         1
 23    denom                     IDENTIFIER   16         2
 24    sum                       IDENTIFIER   16         1
 25    y                         IDENTIFIER   17         2
 26    out_start                 IDENTIFIER   18         2
 27    store                     IDENTIFIER   19         1
====================================================
Distinct identifiers: 28

TOTAL tokens: 142   |   Lexical errors: 0
